[Fri May 31 01:59:44 2019] Server is started.
[Fri May 31 01:59:44 2019] 23515 process is forked.
[Fri May 31 01:59:44 2019] idleProcessCount : 1
[Fri May 31 01:59:44 2019] 23517 process is forked.
[Fri May 31 01:59:44 2019] idleProcessCount : 2
[Fri May 31 01:59:44 2019] 23519 process is forked.
[Fri May 31 01:59:44 2019] idleProcessCount : 3
[Fri May 31 01:59:44 2019] 23521 process is forked.
[Fri May 31 01:59:44 2019] idleProcessCount : 4
[Fri May 31 01:59:44 2019] 23523 process is forked.
[Fri May 31 01:59:44 2019] idleProcessCount : 5

================= New Client =================
[Fri May 31 01:59:53 2019] / 200 OK
IP : 127.0.0.1
Port : 38616
==============================================

[Fri May 31 01:59:53 2019] idleProcessCount : 4

============= Disconnected client ============
[Fri May 31 01:59:58 2019] / 200 OK
IP : 127.0.0.1
Port : 38616
==============================================

[Fri May 31 01:59:58 2019] idleProcessCount : 5

================= New Client =================
[Fri May 31 01:59:59 2019] /Hello 200 OK
IP : 127.0.0.1
Port : 39640
==============================================

[Fri May 31 01:59:59 2019] idleProcessCount : 4

================= New Client =================
[Fri May 31 02:00:03 2019] / 200 OK
IP : 127.0.0.1
Port : 40152
==============================================

[Fri May 31 02:00:03 2019] idleProcessCount : 3
[Fri May 31 02:00:03 2019] 23547 process is forked.
[Fri May 31 02:00:03 2019] idleProcessCount : 4
[Fri May 31 02:00:03 2019] 23549 process is forked.
[Fri May 31 02:00:03 2019] idleProcessCount : 5

============= Disconnected client ============
[Fri May 31 02:00:04 2019] /Hello 200 OK
IP : 127.0.0.1
Port : 39640
==============================================

[Fri May 31 02:00:04 2019] idleProcessCount : 6

============= Disconnected client ============
[Fri May 31 02:00:08 2019] / 200 OK
IP : 127.0.0.1
Port : 40152
==============================================

[Fri May 31 02:00:08 2019] idleProcessCount : 7
[Fri May 31 02:00:08 2019] 23549 process is terminated.
[Fri May 31 02:00:08 2019] idleProcessCount : 6
[Fri May 31 02:00:08 2019] 23547 process is terminated.
[Fri May 31 02:00:08 2019] idleProcessCount : 5
[Fri May 31 02:02:45 2019] SIGINT interrupt on.
[Fri May 31 02:02:45 2019] 23523 process is terminated.
[Fri May 31 02:02:45 2019] idleProcessCount : 4
[Fri May 31 02:02:45 2019] 23521 process is terminated.
[Fri May 31 02:02:45 2019] idleProcessCount : 3
[Fri May 31 02:02:45 2019] 23519 process is terminated.
[Fri May 31 02:02:45 2019] idleProcessCount : 2
[Fri May 31 02:02:45 2019] 23517 process is terminated.
[Fri May 31 02:02:45 2019] idleProcessCount : 1
[Fri May 31 02:02:45 2019] 23515 process is terminated.
[Fri May 31 02:02:45 2019] idleProcessCount : 0
